<?xml version="1.0" encoding="UTF-8"?>
<!-- Generated by org.testng.reporters.JUnitReportReporter -->
<testsuite hostname="DESKTOP-HJ5KU29" failures="0" tests="1" name="com.ecommerce.test.SonyXperiaMobilePageTest" time="30.091" errors="0" timestamp="2023-12-22T22:57:55 IST" skipped="0">
  <testcase classname="com.ecommerce.test.SonyXperiaMobilePageTest" name="testSonyXperiaMobilePage" time="30.091"/>
  <system-out>
    <![CDATA[PASS : List Price is Equl to Display Price ]]>
  </system-out>
</testsuite> <!-- com.ecommerce.test.SonyXperiaMobilePageTest -->
