<?xml version="1.0" encoding="UTF-8"?>
<!-- Generated by org.testng.reporters.JUnitReportReporter -->
<testsuite hostname="DESKTOP-HJ5KU29" failures="0" tests="1" name="com.ecommerce.test.VerifyErrorMessagePageTest" time="86.985" errors="0" timestamp="2023-12-22T22:57:55 IST" skipped="0">
  <testcase classname="com.ecommerce.test.VerifyErrorMessagePageTest" name="testVerifyMessagePage" time="86.985"/>
  <system-out>
    <![CDATA[PASS : ]]>
  </system-out>
</testsuite> <!-- com.ecommerce.test.VerifyErrorMessagePageTest -->
