<?xml version="1.0" encoding="UTF-8"?>
<!-- Generated by org.testng.reporters.JUnitReportReporter -->
<testsuite hostname="DESKTOP-HJ5KU29" failures="0" tests="1" name="com.ecommerce.test.HomePageTest" time="24.004" errors="0" timestamp="2023-12-22T22:57:55 IST" skipped="0">
  <testcase classname="com.ecommerce.test.HomePageTest" name="testHomePage" time="24.004"/>
  <system-out/>
</testsuite> <!-- com.ecommerce.test.HomePageTest -->
